[debug] [2023-03-09T00:10:19.534Z] ----------------------------------------------------------------------
[debug] [2023-03-09T00:10:19.537Z] Command:       /usr/local/bin/node /usr/local/bin/firebase init
[debug] [2023-03-09T00:10:19.538Z] CLI Version:   11.24.0
[debug] [2023-03-09T00:10:19.538Z] Platform:      darwin
[debug] [2023-03-09T00:10:19.538Z] Node Version:  v19.7.0
[debug] [2023-03-09T00:10:19.538Z] Time:          Wed Mar 08 2023 19:10:19 GMT-0500 (Eastern Standard Time)
[debug] [2023-03-09T00:10:19.538Z] ----------------------------------------------------------------------
[debug] 
[debug] [2023-03-09T00:10:19.544Z] > command requires scopes: ["email","openid","https://www.googleapis.com/auth/cloudplatformprojects.readonly","https://www.googleapis.com/auth/firebase","https://www.googleapis.com/auth/cloud-platform"]
[debug] [2023-03-09T00:10:19.544Z] > authorizing via signed-in user (eugenepianist@gmail.com)
[info] 
     ######## #### ########  ######## ########     ###     ######  ########
     ##        ##  ##     ## ##       ##     ##  ##   ##  ##       ##
     ######    ##  ########  ######   ########  #########  ######  ######
     ##        ##  ##    ##  ##       ##     ## ##     ##       ## ##
     ##       #### ##     ## ######## ########  ##     ##  ######  ########

You're about to initialize a Firebase project in this directory:

  /Users/eugene/Programming/explore-firebase

[info] 
=== Project Setup
[info] 
[info] First, let's associate this project directory with a Firebase project.
[info] You can create multiple project aliases by running firebase use --add, 
[info] but for now we'll just set up a default project.
[info] 
[debug] [2023-03-09T00:11:35.220Z] > refreshing access token with scopes: []
[debug] [2023-03-09T00:11:35.222Z] >>> [apiv2][query] POST https://www.googleapis.com/oauth2/v3/token [none]
[debug] [2023-03-09T00:11:35.222Z] >>> [apiv2][body] POST https://www.googleapis.com/oauth2/v3/token [omitted]
[debug] [2023-03-09T00:11:35.470Z] <<< [apiv2][status] POST https://www.googleapis.com/oauth2/v3/token 200
[debug] [2023-03-09T00:11:35.470Z] <<< [apiv2][body] POST https://www.googleapis.com/oauth2/v3/token [omitted]
[debug] [2023-03-09T00:11:35.484Z] >>> [apiv2][query] GET https://firebase.googleapis.com/v1beta1/projects pageSize=100
[debug] [2023-03-09T00:11:36.122Z] <<< [apiv2][status] GET https://firebase.googleapis.com/v1beta1/projects 200
[debug] [2023-03-09T00:11:36.122Z] <<< [apiv2][body] GET https://firebase.googleapis.com/v1beta1/projects [omitted]
[info] i  Using project explore-firebase-fc67b (explore-firebase) 
[info] 
=== Hosting Setup
[info] 
[info] Your public directory is the folder (relative to your project directory) that
[info] will contain Hosting assets to be uploaded with firebase deploy. If you
[info] have a build process for your assets, use your build's output directory.
[info] 
[info] ✔  Wrote public/404.html 
[debug] [2023-03-09T00:12:34.672Z] >>> [apiv2][query] GET https://www.gstatic.com/firebasejs/releases.json [none]
[debug] [2023-03-09T00:12:34.969Z] <<< [apiv2][status] GET https://www.gstatic.com/firebasejs/releases.json 200
[debug] [2023-03-09T00:12:34.969Z] <<< [apiv2][body] GET https://www.gstatic.com/firebasejs/releases.json {"current":{"version":"9.17.2","browserURL":"https://www.gstatic.com/firebasejs/9.17.2/firebase.js","packageURL":"https://www.gstatic.com/firebasejs/9.17.2/firebase.tgz"},"live":{"version":"9.17","browserURL":"https://www.gstatic.com/firebasejs/live/9.17/firebase.js","packageURL":"https://www.gstatic.com/firebasejs/live/9.17/firebase.tgz"},"components":{"analytics":"https://www.gstatic.com/firebasejs/9.17.2/firebase-analytics.js","app":"https://www.gstatic.com/firebasejs/9.17.2/firebase-app.js","app-check":"https://www.gstatic.com/firebasejs/9.17.2/firebase-app-check.js","auth":"https://www.gstatic.com/firebasejs/9.17.2/firebase-auth.js","auth/cordova":"https://www.gstatic.com/firebasejs/9.17.2/firebase-auth/cordova.js","auth/react-native":"https://www.gstatic.com/firebasejs/9.17.2/firebase-auth/react-native.js","functions":"https://www.gstatic.com/firebasejs/9.17.2/firebase-functions.js","firestore":"https://www.gstatic.com/firebasejs/9.17.2/firebase-firestore.js","firestore/lite":"https://www.gstatic.com/firebasejs/9.17.2/firebase-firestore/lite.js","installations":"https://www.gstatic.com/firebasejs/9.17.2/firebase-installations.js","storage":"https://www.gstatic.com/firebasejs/9.17.2/firebase-storage.js","performance":"https://www.gstatic.com/firebasejs/9.17.2/firebase-performance.js","remote-config":"https://www.gstatic.com/firebasejs/9.17.2/firebase-remote-config.js","messaging":"https://www.gstatic.com/firebasejs/9.17.2/firebase-messaging.js","messaging/sw":"https://www.gstatic.com/firebasejs/9.17.2/firebase-messaging/sw.js","database":"https://www.gstatic.com/firebasejs/9.17.2/firebase-database.js","firestore.memory":"https://www.gstatic.com/firebasejs/9.17.2/firebase-firestore.memory.js"}}
[info] i  Skipping write of public/index.html 
[info] 
[info] i  Detected a .git folder at /Users/eugene/Programming 
[info] i  Authorizing with GitHub to upload your service account to a GitHub repository's secrets store. 
[info] 
[info] Visit this URL on this device to log in:
[info] https://github.com/login/oauth/authorize?client_id=89cf50f02ac6aaed3484&state=410031271&redirect_uri=http%3A%2F%2Flocalhost%3A9005&scope=read%3Auser%20repo%20public_repo
[info] 
[info] Waiting for authentication...
[debug] [2023-03-09T00:12:51.841Z] >>> [apiv2][query] POST https://github.com/login/oauth/access_token [none]
[debug] [2023-03-09T00:12:51.841Z] >>> [apiv2][body] POST https://github.com/login/oauth/access_token [stream]
[debug] [2023-03-09T00:12:52.090Z] <<< [apiv2][status] POST https://github.com/login/oauth/access_token 200
[debug] [2023-03-09T00:12:52.091Z] <<< [apiv2][body] POST https://github.com/login/oauth/access_token {"access_token":"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","token_type":"bearer","scope":"read:user,repo"}
[debug] [2023-03-09T00:12:52.096Z] >>> [apiv2][query] GET https://api.github.com/user [none]
[debug] [2023-03-09T00:12:52.369Z] <<< [apiv2][status] GET https://api.github.com/user 200
[debug] [2023-03-09T00:12:52.369Z] <<< [apiv2][body] GET https://api.github.com/user {"login":"eugeneilin","id":43419393,"node_id":"MDQ6VXNlcjQzNDE5Mzkz","avatar_url":"https://avatars.githubusercontent.com/u/43419393?v=4","gravatar_id":"","url":"https://api.github.com/users/eugeneilin","html_url":"https://github.com/eugeneilin","followers_url":"https://api.github.com/users/eugeneilin/followers","following_url":"https://api.github.com/users/eugeneilin/following{/other_user}","gists_url":"https://api.github.com/users/eugeneilin/gists{/gist_id}","starred_url":"https://api.github.com/users/eugeneilin/starred{/owner}{/repo}","subscriptions_url":"https://api.github.com/users/eugeneilin/subscriptions","organizations_url":"https://api.github.com/users/eugeneilin/orgs","repos_url":"https://api.github.com/users/eugeneilin/repos","events_url":"https://api.github.com/users/eugeneilin/events{/privacy}","received_events_url":"https://api.github.com/users/eugeneilin/received_events","type":"User","site_admin":false,"name":"Eugene Ilin","company":null,"blog":"eugeneilin.dev","location":"Charlotte, NC","email":null,"hireable":true,"bio":null,"twitter_username":null,"public_repos":19,"public_gists":0,"followers":3,"following":5,"created_at":"2018-09-19T17:54:44Z","updated_at":"2023-02-28T15:32:35Z","private_gists":0,"total_private_repos":44,"owned_private_repos":44,"disk_usage":514805,"collaborators":2,"two_factor_authentication":false,"plan":{"name":"free","space":976562499,"collaborators":0,"private_repos":10000}}
[info] 
[info] ✔  Success! Logged into GitHub as eugeneilin 
[info] 
